2022年11月10日 09:11:22

ZipExtractor started with following command line arguments.
[0] C:\Users\kezhou3\source\repos\UpdateClient\bin\Debug\AutoUpdaterDotNETDownLoad\ZipExtractor.exe
[1] C:\Users\kezhou3\source\repos\UpdateClient\bin\Debug\AutoUpdaterDotNETDownLoad/rB9h6WNrNQuAaizRAAWknkYIuyE661.zip
[2] C:\Users\kezhou3\source\repos\UpdateClient\bin\Debug
[3] C:\Users\kezhou3\source\repos\UpdateClient\bin\Debug\UpdateClient.exe

Waiting for application process to exit...
BackgroundWorker started successfully.
Found total of 2 files and folders inside the zip file.
Extracting Ghelper-v2.6.2.crx [50%]
Extracting Ghelperσ«ëΦúàΦ»┤µÿÄπÇétxt [100%]
Successfully launched the updated application.


2022年11月10日 09:12:27

ZipExtractor started with following command line arguments.
[0] C:\Users\kezhou3\source\repos\UpdateClient\bin\Debug\AutoUpdaterDotNETDownLoad\ZipExtractor.exe
[1] C:\Users\kezhou3\source\repos\UpdateClient\bin\Debug\AutoUpdaterDotNETDownLoad/rB9h6WNrNQuAaizRAAWknkYIuyE661.zip
[2] C:\Users\kezhou3\source\repos\UpdateClient\bin\Debug
[3] C:\Users\kezhou3\source\repos\UpdateClient\bin\Debug\UpdateClient.exe

Waiting for application process to exit...
BackgroundWorker started successfully.
Found total of 2 files and folders inside the zip file.
Extracting Ghelper-v2.6.2.crx [50%]
Extracting Ghelperσ«ëΦúàΦ»┤µÿÄπÇétxt [100%]
Successfully launched the updated application.


2022年11月10日 09:18:20

ZipExtractor started with following command line arguments.
[0] C:\Users\kezhou3\source\repos\UpdateClient\bin\Debug\AutoUpdaterDotNETDownLoad\ZipExtractor.exe
[1] C:\Users\kezhou3\source\repos\UpdateClient\bin\Debug\AutoUpdaterDotNETDownLoad/rB9h6WNrNQuAaizRAAWknkYIuyE661.zip
[2] C:\Users\kezhou3\source\repos\UpdateClient\bin\Debug
[3] C:\Users\kezhou3\source\repos\UpdateClient\bin\Debug\UpdateClient.exe

Waiting for application process to exit...
BackgroundWorker started successfully.
Found total of 2 files and folders inside the zip file.
Extracting Ghelper-v2.6.2.crx [50%]
Extracting Ghelperσ«ëΦúàΦ»┤µÿÄπÇétxt [100%]
Successfully launched the updated application.


2022年11月16日 17:40:06

ZipExtractor started with following command line arguments.
[0] C:\Users\kezhou3\source\repos\IflytekDaily\UpdateClient\bin\Debug\AutoUpdaterDotNETDownLoad\ZipExtractor.exe
[1] C:\Users\kezhou3\source\repos\IflytekDaily\UpdateClient\bin\Debug\AutoUpdaterDotNETDownLoad/rB9h6WNrNQuAaizRAAWknkYIuyE661.zip
[2] C:\Users\kezhou3\source\repos\IflytekDaily\UpdateClient\bin\Debug
[3] C:\Users\kezhou3\source\repos\IflytekDaily\UpdateClient\bin\Debug\UpdateClient.exe

BackgroundWorker started successfully.
Found total of 2 files and folders inside the zip file.
Extracting Ghelper-v2.6.2.crx [50%]
Extracting Ghelperσ«ëΦúàΦ»┤µÿÄπÇétxt [100%]
Successfully launched the updated application.


2022年11月16日 17:40:41

ZipExtractor started with following command line arguments.
[0] C:\Users\kezhou3\source\repos\IflytekDaily\UpdateClient\bin\Debug\AutoUpdaterDotNETDownLoad\ZipExtractor.exe
[1] C:\Users\kezhou3\source\repos\IflytekDaily\UpdateClient\bin\Debug\AutoUpdaterDotNETDownLoad/rB9h6WNrNQuAaizRAAWknkYIuyE661.zip
[2] C:\Users\kezhou3\source\repos\IflytekDaily\UpdateClient\bin\Debug
[3] C:\Users\kezhou3\source\repos\IflytekDaily\UpdateClient\bin\Debug\UpdateClient.exe

BackgroundWorker started successfully.
Found total of 2 files and folders inside the zip file.
Extracting Ghelper-v2.6.2.crx [50%]
Extracting Ghelperσ«ëΦúàΦ»┤µÿÄπÇétxt [100%]
Successfully launched the updated application.


2022年11月16日 17:41:19

ZipExtractor started with following command line arguments.
[0] C:\Users\kezhou3\source\repos\IflytekDaily\UpdateClient\bin\Debug\AutoUpdaterDotNETDownLoad\ZipExtractor.exe
[1] C:\Users\kezhou3\source\repos\IflytekDaily\UpdateClient\bin\Debug\AutoUpdaterDotNETDownLoad/rB9h6WNrNQuAaizRAAWknkYIuyE661.zip
[2] C:\Users\kezhou3\source\repos\IflytekDaily\UpdateClient\bin\Debug
[3] C:\Users\kezhou3\source\repos\IflytekDaily\UpdateClient\bin\Debug\UpdateClient.exe

Waiting for application process to exit...
BackgroundWorker started successfully.
Found total of 2 files and folders inside the zip file.
Extracting Ghelper-v2.6.2.crx [50%]
Extracting Ghelperσ«ëΦúàΦ»┤µÿÄπÇétxt [100%]
Successfully launched the updated application.


2022年11月16日 17:41:29

ZipExtractor started with following command line arguments.
[0] C:\Users\kezhou3\source\repos\IflytekDaily\UpdateClient\bin\Debug\AutoUpdaterDotNETDownLoad\ZipExtractor.exe
[1] C:\Users\kezhou3\source\repos\IflytekDaily\UpdateClient\bin\Debug\AutoUpdaterDotNETDownLoad/rB9h6WNrNQuAaizRAAWknkYIuyE661.zip
[2] C:\Users\kezhou3\source\repos\IflytekDaily\UpdateClient\bin\Debug
[3] C:\Users\kezhou3\source\repos\IflytekDaily\UpdateClient\bin\Debug\UpdateClient.exe

Waiting for application process to exit...
BackgroundWorker started successfully.
Found total of 2 files and folders inside the zip file.
Extracting Ghelper-v2.6.2.crx [50%]
Extracting Ghelperσ«ëΦúàΦ»┤µÿÄπÇétxt [100%]
Successfully launched the updated application.


2022年11月16日 17:41:39

ZipExtractor started with following command line arguments.
[0] C:\Users\kezhou3\source\repos\IflytekDaily\UpdateClient\bin\Debug\AutoUpdaterDotNETDownLoad\ZipExtractor.exe
[1] C:\Users\kezhou3\source\repos\IflytekDaily\UpdateClient\bin\Debug\AutoUpdaterDotNETDownLoad/rB9h6WNrNQuAaizRAAWknkYIuyE661.zip
[2] C:\Users\kezhou3\source\repos\IflytekDaily\UpdateClient\bin\Debug
[3] C:\Users\kezhou3\source\repos\IflytekDaily\UpdateClient\bin\Debug\UpdateClient.exe

BackgroundWorker started successfully.
Found total of 2 files and folders inside the zip file.
Extracting Ghelper-v2.6.2.crx [50%]
Extracting Ghelperσ«ëΦúàΦ»┤µÿÄπÇétxt [100%]
Successfully launched the updated application.


